Building DAG of jobs...
Using shell: /usr/bin/bash
Provided cluster nodes: 50
Job counts:
	count	jobs
	1	ALL
	1	biom_handoff_preTax
	1	dada_control
	4	dada_errors
	3	dada_mergeReadPairs
	2	dada_mergeSamples
	1	dada_mergeruns
	2	dada_qc_filtered
	1	merged_numbers
	1	nochime_numbers
	17

[Fri Jan  3 14:27:29 2020]
Job 31: Running error models on filtered/A/OTU_Nh_II.fwd.fastq.gz filtered/A/OTU_NhP_II.fwd.fastq.gz.

Submitted job 31 with external jobid 'Submitted batch job 1483106'.

[Fri Jan  3 14:27:30 2020]
Job 34: Running error models on filtered/B/OTU_NhP_III.rvs.fastq.gz.

Submitted job 34 with external jobid 'Submitted batch job 1483107'.

[Fri Jan  3 14:27:31 2020]
Job 15: Running QC on filtered/A.

Submitted job 15 with external jobid 'Submitted batch job 1483108'.

[Fri Jan  3 14:27:31 2020]
Job 32: Running error models on filtered/A/OTU_Nh_II.rvs.fastq.gz filtered/A/OTU_NhP_II.rvs.fastq.gz.

Submitted job 32 with external jobid 'Submitted batch job 1483109'.

[Fri Jan  3 14:27:32 2020]
Job 33: Running error models on filtered/B/OTU_NhP_III.fwd.fastq.gz.

Submitted job 33 with external jobid 'Submitted batch job 1483110'.

[Fri Jan  3 14:27:33 2020]
Job 16: Running QC on filtered/B.

Submitted job 16 with external jobid 'Submitted batch job 1483111'.
[Fri Jan  3 14:27:59 2020]
Finished job 33.
1 of 17 steps (6%) done
[Fri Jan  3 14:27:59 2020]
Finished job 16.
2 of 17 steps (12%) done
[Fri Jan  3 14:28:09 2020]
Finished job 31.
3 of 17 steps (18%) done
[Fri Jan  3 14:28:09 2020]
Finished job 34.
4 of 17 steps (24%) done

[Fri Jan  3 14:28:09 2020]
Job 29: merging reads for B OTU_NhP_III.

[Fri Jan  3 14:28:09 2020]
Finished job 15.
5 of 17 steps (29%) done
[Fri Jan  3 14:28:09 2020]
Finished job 32.
6 of 17 steps (35%) done
Submitted job 29 with external jobid 'Submitted batch job 1483113'.

[Fri Jan  3 14:28:10 2020]
Job 28: merging reads for A OTU_NhP_II.

Submitted job 28 with external jobid 'Submitted batch job 1483114'.

[Fri Jan  3 14:28:11 2020]
Job 27: merging reads for A OTU_Nh_II.

Submitted job 27 with external jobid 'Submitted batch job 1483115'.
[Fri Jan  3 14:28:29 2020]
Finished job 29.
7 of 17 steps (41%) done

[Fri Jan  3 14:28:29 2020]
Job 22: preparing sequence table for B.

Error submitting jobscript (exit code 1):

[Fri Jan  3 14:28:30 2020]
Finished job 28.
8 of 17 steps (47%) done
[Fri Jan  3 14:28:40 2020]
Finished job 27.
9 of 17 steps (53%) done
Shutting down, this might take some time.
Exiting because a job execution failed. Look above for error message
Complete log: /mnt/irisgpfs/users/aheintzbuschart/dadasnake/.snakemake/log/2020-01-03T142729.052750.snakemake.log
