UnknownType in line 41 of /gpfs1/data/project/metaamp/TOOLS/dev_dada_pipe/dadasnake/dada_scripts/get_config.rules:

Unknown type 'none' for validator with schema:
    OrderedDict([('$schema', 'http://json-schema.org/draft-06/schema#'),
                 ('description',
                  'DADA2 pipeline Snakemake configuration file'),
                 ('type', 'object'),
                 ('properties',
                  OrderedDict([('email', OrderedDict([('type', 'string')])),
                               ('tmp_dir',
                                OrderedDict([('type', 'string')])),
                               ('dada_root',
                                OrderedDict([('type', 'string')])),
                               ('dada_src',
                                OrderedDict([('type', 'string')])),
                               ('dada_lib',
                                OrderedDict([('type', 'string')])),
                               ('dada_bin',
                                OrderedDict([('type', 'string')])),
                               ('raw_directory',
                                OrderedDict([('type', 'string')])),
                               ('sample_table',
                                OrderedDict([('type', 'string')])),
                               ('do_primers',
                                OrderedDict([('type', 'boolean')])),
                               ('do_dada',
                                OrderedDict([('type', 'boolean')])),
                               ('do_taxonomy',
                                OrderedDict([('type', 'boolean')])),
                               ('do_postprocessing',
                                OrderedDict([('type', 'boolean')])),
                               ('primers',
                                OrderedDict([('type', 'object'),
                                             ('properties',
                                              OrderedDict([('fwd',
                                                            OrderedDict([('type',
                                                                          'object'),
                                                                         ('properties',
                                                                          OrderedDict([('name',
                                                                                        OrderedDict([('type',
                                                                                                      'string')])),
                                                                                       ('sequence',
                                                                                        OrderedDict([('type',
                                                                                                      'string'),
                                                                                                     ('pattern',
                                                                                                      '^[GATCRYSWKMBDHVNgatcryswkmbdhvn]{10,30}$')]))]))])),
                                                           ('rvs',
                                                            OrderedDict([('type',
                                                                          'object'),
                                                                         ('properties',
                                                                          OrderedDict([('name',
                                                                                        OrderedDict([('type',
                                                                                                      'string')])),
                                                                                       ('sequence',
                                                                                        OrderedDict([('type',
                                                                                                      'string'),
                                                                                                     ('pattern',
                                                                                                      '^[GATCRYSWKMBDHVNgatcryswkmbdhvn]{10,30}$')]))]))]))]))])),
                               ('paired',
                                OrderedDict([('type', 'boolean')])),
                               ('sequencing_direction',
                                OrderedDict([('type', 'string'),
                                             ('enum',
                                              ['fwd_1',
                                               'rvs_1',
                                               'mixed',
                                               'unknown'])])),
                               ('primer_cutting',
                                OrderedDict([('type', 'object'),
                                             ('properties',
                                              OrderedDict([('overlap',
                                                            OrderedDict([('type',
                                                                          'number'),
                                                                         ('maximum',
                                                                          30)])),
                                                           ('count',
                                                            OrderedDict([('type',
                                                                          'number')])),
                                                           ('filter_if_not_match',
                                                            OrderedDict([('type',
                                                                          'string'),
                                                                         ('enum',
                                                                          ['both',
                                                                           'any',
                                                                           'first'])])),
                                                           ('perc_mismatch',
                                                            OrderedDict([('type',
                                                                          'number'),
                                                                         ('maximum',
                                                                          1),
                                                                         ('minimum',
                                                                          0)]))]))])),
                               ('filtering',
                                OrderedDict([('type', 'object'),
                                             ('properties',
                                              OrderedDict([('trunc_length',
                                                            OrderedDict([('type',
                                                                          'object'),
                                                                         ('properties',
                                                                          OrderedDict([('fwd',
                                                                                        OrderedDict([('type',
                                                                                                      'number'),
                                                                                                     ('minimum',
                                                                                                      0),
                                                                                                     ('maximum',
                                                                                                      600)])),
                                                                                       ('rvs',
                                                                                        OrderedDict([('type',
                                                                                                      'number'),
                                                                                                     ('minimum',
                                                                                                      0),
                                                                                                     ('maximum',
                                                                                                      600)]))]))])),
                                                           ('trunc_qual',
                                                            OrderedDict([('type',
                                                                          'number'),
                                                                         ('minimum',
                                                                          0),
                                                                         ('maximum',
                                                                          40)])),
                                                           ('max_EE',
                                                            OrderedDict([('type',
                                                                          'object'),
                                                                         ('properties',
                                                                          OrderedDict([('fwd',
                                                                                        OrderedDict([('type',
                                                                                                      ['number',
                                                                                                       'string'])])),
                                                                                       ('rvs',
                                                                                        OrderedDict([('type',
                                                                                                      ['number',
                                                                                                       'string'])]))]))])),
                                                           ('minLen',
                                                            OrderedDict([('type',
                                                                          'object'),
                                                                         ('properties',
                                                                          OrderedDict([('fwd',
                                                                                        OrderedDict([('type',
                                                                                                      'number'),
                                                                                                     ('minimum',
                                                                                                      0),
                                                                                                     ('maximum',
                                                                                                      600)])),
                                                                                       ('rvs',
                                                                                        OrderedDict([('type',
                                                                                                      'number'),
                                                                                                     ('minimum',
                                                                                                      0),
                                                                                                     ('maximum',
                                                                                                      600)]))]))])),
                                                           ('maxLen',
                                                            OrderedDict([('type',
                                                                          'object'),
                                                                         ('properties',
                                                                          OrderedDict([('fwd',
                                                                                        OrderedDict([('type',
                                                                                                      ['number',
                                                                                                       'string'])])),
                                                                                       ('rvs',
                                                                                        OrderedDict([('type',
                                                                                                      ['number',
                                                                                                       'string'])]))]))])),
                                                           ('minQ',
                                                            OrderedDict([('type',
                                                                          'object'),
                                                                         ('properties',
                                                                          OrderedDict([('fwd',
                                                                                        OrderedDict([('type',
                                                                                                      'number'),
                                                                                                     ('minimum',
                                                                                                      0),
                                                                                                     ('maximum',
                                                                                                      40)])),
                                                                                       ('rvs',
                                                                                        OrderedDict([('type',
                                                                                                      'number'),
                                                                                                     ('minimum',
                                                                                                      0),
                                                                                                     ('maximum',
                                                                                                      40)]))]))]))]))])),
                               ('error seed',
                                OrderedDict([('type', 'number')])),
                               ('dada',
                                OrderedDict([('type', 'object'),
                                             ('properties',
                                              OrderedDict([('band_size',
                                                            OrderedDict([('type',
                                                                          'number')])),
                                                           ('homopolymer_gap_penalty',
                                                            OrderedDict([('type',
                                                                          ['number',
                                                                           'none'])]))]))])),
                               ('pair_merging',
                                OrderedDict([('type', 'object'),
                                             ('properties',
                                              OrderedDict([('min_overlap',
                                                            OrderedDict([('type',
                                                                          'number'),
                                                                         ('minimum',
                                                                          0)])),
                                                           ('max_mismatch',
                                                            OrderedDict([('type',
                                                                          'number'),
                                                                         ('minimum',
                                                                          0)])),
                                                           ('just_concatenate',
                                                            OrderedDict([('type',
                                                                          'boolean')])),
                                                           ('trim_overhang',
                                                            OrderedDict([('type',
                                                                          'boolean')]))]))])),
                               ('chimeras',
                                OrderedDict([('type', 'object'),
                                             ('properties',
                                              OrderedDict([('remove',
                                                            OrderedDict([('type',
                                                                          'boolean')])),
                                                           ('method',
                                                            OrderedDict([('type',
                                                                          'string'),
                                                                         ('enum',
                                                                          ['consensus',
                                                                           'pooled',
                                                                           'per-sample'])]))]))])),
                               ('outputdir',
                                OrderedDict([('type', 'string'),
                                             ('pattern', '^/.+(/.+)*$')])),
                               ('taxonomy',
                                OrderedDict([('type', 'object'),
                                             ('properties',
                                              OrderedDict([('decipher',
                                                            OrderedDict([('type',
                                                                          'object'),
                                                                         ('properties',
                                                                          OrderedDict([('do',
                                                                                        OrderedDict([('type',
                                                                                                      'boolean')])),
                                                                                       ('post_ITSx',
                                                                                        OrderedDict([('type',
                                                                                                      'boolean')])),
                                                                                       ('db_path',
                                                                                        OrderedDict([('type',
                                                                                                      'string'),
                                                                                                     ('pattern',
                                                                                                      '^/.+(/.+)*$')])),
                                                                                       ('tax_db',
                                                                                        OrderedDict([('type',
                                                                                                      'string')])),
                                                                                       ('threshold',
                                                                                        OrderedDict([('type',
                                                                                                      'number'),
                                                                                                     ('minimum',
                                                                                                      0),
                                                                                                     ('maximum',
                                                                                                      100)])),
                                                                                       ('strand',
                                                                                        OrderedDict([('type',
                                                                                                      'string'),
                                                                                                     ('enum',
                                                                                                      ['both',
                                                                                                       'top',
                                                                                                       'bottom'])])),
                                                                                       ('bootstraps',
                                                                                        OrderedDict([('type',
                                                                                                      'number')])),
                                                                                       ('seed',
                                                                                        OrderedDict([('type',
                                                                                                      'number')])),
                                                                                       ('look_for_species',
                                                                                        OrderedDict([('type',
                                                                                                      'boolean')])),
                                                                                       ('spec_db',
                                                                                        OrderedDict([('type',
                                                                                                      'string'),
                                                                                                     ('pattern',
                                                                                                      '^/.+(/.+)*$')]))]))])),
                                                           ('mothur',
                                                            OrderedDict([('type',
                                                                          'object'),
                                                                         ('properties',
                                                                          OrderedDict([('do',
                                                                                        OrderedDict([('type',
                                                                                                      'boolean')])),
                                                                                       ('post_ITSx',
                                                                                        OrderedDict([('type',
                                                                                                      'boolean')])),
                                                                                       ('db_path',
                                                                                        OrderedDict([('type',
                                                                                                      'string'),
                                                                                                     ('pattern',
                                                                                                      '^/.+(/.+)*$')])),
                                                                                       ('tax_db',
                                                                                        OrderedDict([('type',
                                                                                                      'string')])),
                                                                                       ('cutoff',
                                                                                        OrderedDict([('type',
                                                                                                      'number'),
                                                                                                     ('minimum',
                                                                                                      0),
                                                                                                     ('maximum',
                                                                                                      100)]))]))]))]))])),
                               ('blast',
                                OrderedDict([('type', 'object'),
                                             ('properties',
                                              OrderedDict([('do',
                                                            OrderedDict([('type',
                                                                          'boolean')])),
                                                           ('min_regios',
                                                            OrderedDict([('type',
                                                                          'number'),
                                                                         ('minimum',
                                                                          1),
                                                                         ('maximum',
                                                                          10)])),
                                                           ('region',
                                                            OrderedDict([('type',
                                                                          'string'),
                                                                         ('enum',
                                                                          ['SSU',
                                                                           'ITS1',
                                                                           '5.8S',
                                                                           'ITS2',
                                                                           'LSU',
                                                                           'all',
                                                                           'none'])])),
                                                           ('e_val',
                                                            OrderedDict([('type',
                                                                          'number')]))]))])),
                               ('hand_off',
                                OrderedDict([('type', 'object'),
                                             ('properties',
                                              OrderedDict([('biom',
                                                            OrderedDict([('type',
                                                                          'boolean')])),
                                                           ('phyloseq',
                                                            OrderedDict([('type',
                                                                          'boolean')]))]))])),
                               ('final_table_filtering',
                                OrderedDict([('type', 'object'),
                                             ('properties',
                                              OrderedDict([('do',
                                                            OrderedDict([('type',
                                                                          'boolean')])),
                                                           ('keep_target_taxa',
                                                            OrderedDict([('type',
                                                                          'string')])),
                                                           ('target_min_length',
                                                            OrderedDict([('type',
                                                                          'numeric'),
                                                                         ('minimum',
                                                                          0)])),
                                                           ('target_max_length',
                                                            OrderedDict([('type',
                                                                          'numeric'),
                                                                         ('minimum',
                                                                          0)]))]))])),
                               ('postprocessing',
                                OrderedDict([('type', 'object'),
                                             ('properties',
                                              OrderedDict([('rarefaction_curve',
                                                            OrderedDict([('type',
                                                                          'boolean')])),
                                                           ('funguild',
                                                            OrderedDict([('type',
                                                                          'object'),
                                                                         ('properties',
                                                                          OrderedDict([('funguild_db',
                                                                                        OrderedDict([('type',
                                                                                                      'string'),
                                                                                                     ('pattern',
                                                                                                      '^/.+(/.+)*$')])),
                                                                                       ('classifier',
                                                                                        OrderedDict([('type',
                                                                                                      'string'),
                                                                                                     ('enum',
                                                                                                      ['mothur',
                                                                                                       'decipher'])]))]))])),
                                                           ('treeing',
                                                            OrderedDict([('type',
                                                                          'object'),
                                                                         ('properties',
                                                                          OrderedDict([('do',
                                                                                        OrderedDict([('type',
                                                                                                      'boolean')])),
                                                                                       ('fasttreeMP',
                                                                                        OrderedDict([('type',
                                                                                                      'string')]))]))]))]))]))]))])

While checking instance:
    None
  File "/gpfs1/data/project/metaamp/TOOLS/dev_dada_pipe/dadasnake/Snakefile_dev", line 7, in <module>
  File "/gpfs1/data/project/metaamp/TOOLS/dev_dada_pipe/dadasnake/dada_scripts/get_config.rules", line 41, in <module>
  File "/data/project/metaamp/TOOLS/miniconda/miniconda3/lib/python3.6/site-packages/jsonschema/validators.py", line 347, in validate
  File "/data/project/metaamp/TOOLS/miniconda/miniconda3/lib/python3.6/site-packages/jsonschema/validators.py", line 323, in iter_errors
  File "/data/project/metaamp/TOOLS/miniconda/miniconda3/lib/python3.6/site-packages/jsonschema/_validators.py", line 274, in properties
  File "/data/project/metaamp/TOOLS/miniconda/miniconda3/lib/python3.6/site-packages/jsonschema/validators.py", line 339, in descend
  File "/data/project/metaamp/TOOLS/miniconda/miniconda3/lib/python3.6/site-packages/jsonschema/validators.py", line 323, in iter_errors
  File "/data/project/metaamp/TOOLS/miniconda/miniconda3/lib/python3.6/site-packages/jsonschema/_validators.py", line 274, in properties
  File "/data/project/metaamp/TOOLS/miniconda/miniconda3/lib/python3.6/site-packages/jsonschema/validators.py", line 339, in descend
  File "/data/project/metaamp/TOOLS/miniconda/miniconda3/lib/python3.6/site-packages/jsonschema/validators.py", line 323, in iter_errors
  File "/data/project/metaamp/TOOLS/miniconda/miniconda3/lib/python3.6/site-packages/jsonschema/_validators.py", line 260, in type
  File "/data/project/metaamp/TOOLS/miniconda/miniconda3/lib/python3.6/site-packages/jsonschema/_validators.py", line 260, in <genexpr>
  File "/data/project/metaamp/TOOLS/miniconda/miniconda3/lib/python3.6/site-packages/jsonschema/validators.py", line 354, in is_type
