Building DAG of jobs...
Creating conda environment ../dada_scripts/dada_env.yml...
Downloading remote packages.
CreateCondaEnvironmentException:
Could not create conda environment from /Users/heintzbu/Documents/Programs/myOwn/dadasnake/dada_scripts/dada_env.yml:
Collecting package metadata (repodata.json): ...working... done
Solving environment: ...working... failed

ResolvePackageNotFound: 
  - bioconductor-delayedarray==0.8.0=r351h14c3975_0
  - graphite2==1.3.13=hfc679d8_0
  - openssl==1.0.2u=h7b6447c_0
  - bioconductor-biocparallel==1.16.6=r351h1c2f66e_0
  - bioconductor-rsamtools==1.34.0=r351hf484d3e_0
  - mkl==2019.4=243
  - blast==2.7.1=h4422958_6
  - scipy==1.3.1=py36h7c811a0_0
  - wget==1.19.5=h1ad7b7a_0
  - bioconductor-s4vectors==0.20.1=r351h14c3975_0
  - bioconductor-phyloseq==1.16.2=1
  - mkl-service==2.0.2=py36h7b6447c_0
  - blast-legacy==2.2.26=1
  - libgfortran-ng==7.2.0=hdf63c60_3
  - numpy==1.16.4=py36h7e9f1db_0
  - r-base==3.5.1=h391c2eb_5
  - bioconductor-xvector==0.22.0=r351h14c3975_0
  - graphviz==2.38.0=h08bfae6_9
  - bioconductor-genomicalignments==1.18.1=r351h14c3975_0
  - bioconductor-shortread==1.40.0=r351hf484d3e_0
  - bzip2==1.0.6=h470a237_2
  - bioconductor-dada2==1.10.0=r351hf484d3e_0
  - libstdcxx-ng==9.1.0=hdf63c60_0
  - perl==5.26.2=h470a237_0
  - bioconductor-zlibbioc==1.28.0=r351h14c3975_0
  - intel-openmp==2019.4=243
  - tktable==2.10=h14c3975_0
  - fontconfig==2.13.1=h65d0f4c_0
  - numpy-base==1.16.4=py36hde5b4d6_0
  - gsl==2.2.1=h0c605f7_3
  - perl-pathtools==3.73=h470a237_2
  - bioconductor-biobase==2.42.0=r351h14c3975_1
  - libgcc-ng==9.1.0=hdf63c60_0
  - datrie==0.7.1=py36h7b6447c_1
  - xorg-libsm==1.2.3=h8c8a85c_0
  - gettext==0.19.8.1=h5e8e0c9_1
  - bioconductor-genomicranges==1.34.0=r351h14c3975_0
  - bioconductor-iranges==2.16.0=r351h14c3975_0
  - mothur==1.41.0=h392e8a4_0
  - bioconductor-biostrings==2.50.2=r351h14c3975_0


