Building DAG of jobs...
Using shell: /usr/bin/bash
Provided cluster nodes: 50
Job counts:
	count	jobs
	1	ALL
	1	SamplesPrint
	6	combine_or_rename
	4	cut_primers_both
	1	input_numbers
	1	primer_numbers
	1	primers_control
	15

[Tue Jan 14 17:52:19 2020]
Job 12: Running cutadapt on /mnt/irisgpfs/users/aheintzbuschart/dadasnake/testdata/lib_222_R1_001.fastq.gz /mnt/irisgpfs/users/aheintzbuschart/dadasnake/testdata/lib_222_R2_001.fastq.gz. Searching for both  primers in both reads.

Submitted job 12 with external jobid 'Submitted batch job 1502424'.

[Tue Jan 14 17:52:20 2020]
Job 10: Running cutadapt on /mnt/irisgpfs/users/aheintzbuschart/dadasnake/testdata/lib_333_R1_001.fastq.gz /mnt/irisgpfs/users/aheintzbuschart/dadasnake/testdata/lib_333_R2_001.fastq.gz. Searching for both  primers in both reads.

Submitted job 10 with external jobid 'Submitted batch job 1502425'.

[Tue Jan 14 17:52:21 2020]
Job 11: Running cutadapt on /mnt/irisgpfs/users/aheintzbuschart/dadasnake/testdata/lib_334_R1_001.fastq.gz /mnt/irisgpfs/users/aheintzbuschart/dadasnake/testdata/lib_334_R2_001.fastq.gz. Searching for both  primers in both reads.

Submitted job 11 with external jobid 'Submitted batch job 1502426'.

[Tue Jan 14 17:52:22 2020]
Job 13: Running cutadapt on /mnt/irisgpfs/users/aheintzbuschart/dadasnake/testdata/lib_111_R1_001.fastq.gz /mnt/irisgpfs/users/aheintzbuschart/dadasnake/testdata/lib_111_R2_001.fastq.gz. Searching for both  primers in both reads.

Submitted job 13 with external jobid 'Submitted batch job 1502427'.

[Tue Jan 14 17:52:22 2020]
rule SamplesPrint:
    input: /mnt/irisgpfs/users/aheintzbuschart/dadasnake/testdata/samples.small.tsv
    output: reporting/sample_table.tsv
    jobid: 14

Submitted job 14 with external jobid 'Submitted batch job 1502428'.
[Tue Jan 14 17:52:39 2020]
Finished job 14.
1 of 15 steps (7%) done

[Tue Jan 14 17:52:39 2020]
rule input_numbers:
    input: reporting/sample_table.tsv, /mnt/irisgpfs/users/aheintzbuschart/dadasnake/testdata/lib_333_R1_001.fastq.gz, /mnt/irisgpfs/users/aheintzbuschart/dadasnake/testdata/lib_222_R1_001.fastq.gz, /mnt/irisgpfs/users/aheintzbuschart/dadasnake/testdata/lib_334_R1_001.fastq.gz, /mnt/irisgpfs/users/aheintzbuschart/dadasnake/testdata/lib_111_R1_001.fastq.gz, /mnt/irisgpfs/users/aheintzbuschart/dadasnake/testdata/lib_333_R2_001.fastq.gz, /mnt/irisgpfs/users/aheintzbuschart/dadasnake/testdata/lib_222_R2_001.fastq.gz, /mnt/irisgpfs/users/aheintzbuschart/dadasnake/testdata/lib_334_R2_001.fastq.gz, /mnt/irisgpfs/users/aheintzbuschart/dadasnake/testdata/lib_111_R2_001.fastq.gz
    output: reporting/readNumbers.tsv
    log: logs/countInputReads.log
    jobid: 8

Submitted job 8 with external jobid 'Submitted batch job 1502430'.
[Tue Jan 14 17:52:50 2020]
Finished job 12.
2 of 15 steps (13%) done
[Tue Jan 14 17:52:50 2020]
Finished job 10.
3 of 15 steps (20%) done
[Tue Jan 14 17:52:50 2020]
Finished job 11.
4 of 15 steps (27%) done
[Tue Jan 14 17:52:50 2020]
Finished job 13.
5 of 15 steps (33%) done
[Tue Jan 14 17:52:50 2020]
Finished job 8.
6 of 15 steps (40%) done

[Tue Jan 14 17:52:50 2020]
rule primer_numbers:
    input: reporting/readNumbers.tsv, preprocessing/1/sample2a.fwd.fastq, preprocessing/1/sample2a.rvs.fastq, preprocessing/1/sample1_seq1.fwd.fastq, preprocessing/1/sample1_seq1.rvs.fastq, preprocessing/1/sample2b.fwd.fastq, preprocessing/1/sample2b.rvs.fastq, preprocessing/2/sample1_reseq.fwd.fastq, preprocessing/2/sample1_reseq.rvs.fastq
    output: reporting/primerNumbers_perLibrary.tsv, reporting/primerNumbers_perSample.tsv
    log: logs/countPrimerReads.log
    jobid: 9

Submitted job 9 with external jobid 'Submitted batch job 1502431'.
[Tue Jan 14 17:53:00 2020]
Finished job 9.
7 of 15 steps (47%) done

[Tue Jan 14 17:53:00 2020]
rule combine_or_rename:
    input: reporting/primerNumbers_perLibrary.tsv, preprocessing/1/sample1_seq1.rvs.fastq
    output: preprocessing/1/sample_1.rvs.fastq
    log: logs/combine_or_rename.1.sample_1.rvs.log
    jobid: 5
    wildcards: run=1, sample=sample_1, direction=rvs

Submitted job 5 with external jobid 'Submitted batch job 1502433'.

[Tue Jan 14 17:53:00 2020]
rule combine_or_rename:
    input: reporting/primerNumbers_perLibrary.tsv, preprocessing/1/sample2a.rvs.fastq, preprocessing/1/sample2b.rvs.fastq
    output: preprocessing/1/sample_2.rvs.fastq
    log: logs/combine_or_rename.1.sample_2.rvs.log
    jobid: 3
    wildcards: run=1, sample=sample_2, direction=rvs

Submitted job 3 with external jobid 'Submitted batch job 1502434'.

[Tue Jan 14 17:53:01 2020]
rule combine_or_rename:
    input: reporting/primerNumbers_perLibrary.tsv, preprocessing/1/sample1_seq1.fwd.fastq
    output: preprocessing/1/sample_1.fwd.fastq
    log: logs/combine_or_rename.1.sample_1.fwd.log
    jobid: 4
    wildcards: run=1, sample=sample_1, direction=fwd

Submitted job 4 with external jobid 'Submitted batch job 1502435'.

[Tue Jan 14 17:53:02 2020]
rule combine_or_rename:
    input: reporting/primerNumbers_perLibrary.tsv, preprocessing/2/sample1_reseq.rvs.fastq
    output: preprocessing/2/sample_1.rvs.fastq
    log: logs/combine_or_rename.2.sample_1.rvs.log
    jobid: 7
    wildcards: run=2, sample=sample_1, direction=rvs

Submitted job 7 with external jobid 'Submitted batch job 1502436'.

[Tue Jan 14 17:53:03 2020]
rule combine_or_rename:
    input: reporting/primerNumbers_perLibrary.tsv, preprocessing/2/sample1_reseq.fwd.fastq
    output: preprocessing/2/sample_1.fwd.fastq
    log: logs/combine_or_rename.2.sample_1.fwd.log
    jobid: 6
    wildcards: run=2, sample=sample_1, direction=fwd

Submitted job 6 with external jobid 'Submitted batch job 1502437'.

[Tue Jan 14 17:53:03 2020]
rule combine_or_rename:
    input: reporting/primerNumbers_perLibrary.tsv, preprocessing/1/sample2a.fwd.fastq, preprocessing/1/sample2b.fwd.fastq
    output: preprocessing/1/sample_2.fwd.fastq
    log: logs/combine_or_rename.1.sample_2.fwd.log
    jobid: 2
    wildcards: run=1, sample=sample_2, direction=fwd

Submitted job 2 with external jobid 'Submitted batch job 1502438'.
[Tue Jan 14 17:53:10 2020]
Finished job 5.
8 of 15 steps (53%) done
[Tue Jan 14 17:53:10 2020]
Finished job 3.
9 of 15 steps (60%) done
[Tue Jan 14 17:53:10 2020]
Finished job 4.
10 of 15 steps (67%) done
[Tue Jan 14 17:53:10 2020]
Finished job 7.
11 of 15 steps (73%) done
[Tue Jan 14 17:53:10 2020]
Finished job 6.
12 of 15 steps (80%) done
[Tue Jan 14 17:53:10 2020]
Finished job 2.
13 of 15 steps (87%) done

[Tue Jan 14 17:53:10 2020]
rule primers_control:
    input: preprocessing/1/sample_2.fwd.fastq, preprocessing/1/sample_2.rvs.fastq, preprocessing/1/sample_1.fwd.fastq, preprocessing/1/sample_1.rvs.fastq, preprocessing/1/sample_2.fwd.fastq, preprocessing/1/sample_2.rvs.fastq, preprocessing/2/sample_1.fwd.fastq, preprocessing/2/sample_1.rvs.fastq, reporting/readNumbers.tsv, reporting/primerNumbers_perSample.tsv
    output: primers.done
    jobid: 1

Submitted job 1 with external jobid 'Submitted batch job 1502444'.
[Tue Jan 14 17:53:20 2020]
Finished job 1.
14 of 15 steps (93%) done

[Tue Jan 14 17:53:20 2020]
localrule ALL:
    input: primers.done
    output: workflow.done
    jobid: 0

Touching output file workflow.done.
[Tue Jan 14 17:53:20 2020]
Finished job 0.
15 of 15 steps (100%) done
Complete log: /mnt/irisgpfs/users/aheintzbuschart/dadasnake/.snakemake/log/2020-01-14T175219.130527.snakemake.log
