Building DAG of jobs...
Using shell: /usr/bin/bash
Provided cluster nodes: 50
Job counts:
	count	jobs
	1	ALL
	1	biom_handoff_preTax
	1	dada_control
	2	dada_mergeSamples
	1	dada_mergeruns
	1	merged_numbers
	1	nochime_numbers
	8

[Fri Jan  3 14:34:11 2020]
Job 22: preparing sequence table for B.

Submitted job 22 with external jobid 'Submitted batch job 1483125'.

[Fri Jan  3 14:34:11 2020]
rule merged_numbers:
    input: reporting/filteredNumbers_perLibrary.tsv, merged/A/OTU_Nh_II.RDS, merged/A/OTU_NhP_II.RDS, merged/A/OTU_Nh_II.RDS, merged/B/OTU_NhP_III.RDS
    output: reporting/mergedNumbers_perLibrary.tsv, reporting/mergedNumbers_perSample.tsv
    log: logs/countMergedReads.log
    jobid: 23

Submitted job 23 with external jobid 'Submitted batch job 1483126'.

[Fri Jan  3 14:34:12 2020]
Job 21: preparing sequence table for A.

Submitted job 21 with external jobid 'Submitted batch job 1483127'.
[Fri Jan  3 14:34:31 2020]
Finished job 23.
1 of 8 steps (12%) done
[Fri Jan  3 14:34:51 2020]
Finished job 22.
2 of 8 steps (25%) done
[Fri Jan  3 14:34:51 2020]
Finished job 21.
3 of 8 steps (38%) done

[Fri Jan  3 14:34:51 2020]
Job 11: merging runs and removing chimeras for sequenceTables/seqTab.A.RDS sequenceTables/seqTab.B.RDS.

Submitted job 11 with external jobid 'Submitted batch job 1483128'.
[Fri Jan  3 14:35:11 2020]
Finished job 11.
4 of 8 steps (50%) done

[Fri Jan  3 14:35:11 2020]
rule nochime_numbers:
    input: reporting/mergedNumbers_perSample.tsv, sequenceTables/pre_chimera.seqTab.RDS, sequenceTables/all.seqTab.originalFormat.RDS
    output: reporting/finalNumbers_perSample.tsv
    log: logs/countNonchimericReads.log
    jobid: 12

Submitted job 12 with external jobid 'Submitted batch job 1483129'.
[Fri Jan  3 14:35:21 2020]
Finished job 12.
5 of 8 steps (62%) done

[Fri Jan  3 14:35:21 2020]
rule biom_handoff_preTax:
    input: sequenceTables/all.seqTab.RDS, reporting/finalNumbers_perSample.tsv
    output: sequenceTables/all.seqTab.biom
    log: logs/biom_hand-off.log
    jobid: 3

Submitted job 3 with external jobid 'Submitted batch job 1483130'.

[Fri Jan  3 14:35:22 2020]
rule dada_control:
    input: sequenceTables/all.seqTab.RDS, sequenceTables/all.seqs.fasta, reporting/finalNumbers_perSample.tsv, stats/QC_1.A.fwd.pdf, stats/QC_1.B.fwd.pdf, stats/QC_1.A.rvs.pdf, stats/QC_1.B.rvs.pdf, stats/QC_filtered.A.fwd.pdf, stats/QC_filtered.B.fwd.pdf, stats/QC_filtered.A.rvs.pdf, stats/QC_filtered.B.rvs.pdf
    output: dada.done
    jobid: 2

Submitted job 2 with external jobid 'Submitted batch job 1483131'.
[Fri Jan  3 14:35:31 2020]
Finished job 3.
6 of 8 steps (75%) done
[Fri Jan  3 14:35:31 2020]
Finished job 2.
7 of 8 steps (88%) done

[Fri Jan  3 14:35:31 2020]
localrule ALL:
    input: primers.done, dada.done, sequenceTables/all.seqTab.biom
    output: workflow.done
    jobid: 0

Touching output file workflow.done.
[Fri Jan  3 14:35:31 2020]
Finished job 0.
8 of 8 steps (100%) done
Complete log: /mnt/irisgpfs/users/aheintzbuschart/dadasnake/.snakemake/log/2020-01-03T143410.643691.snakemake.log
